<?xml version="1.0" encoding="utf-8"?><testsuites name="pytest tests"><testsuite name="pytest" errors="0" failures="0" skipped="0" tests="25" time="8.216" timestamp="2026-08-10T14:10:40.178936+00:00" hostname="agent-env-3e4cf12c-6528-4dea-8378-9ac11e761321"><testcase classname="backend.tests.backend_test.TestAuth" name="test_register_and_me" time="0.575" /><testcase classname="backend.tests.backend_test.TestAuth" name="test_login_invalid" time="0.068" /><testcase classname="backend.tests.backend_test.TestAuth" name="test_admin_login" time="0.297" /><testcase classname="backend.tests.backend_test.TestAuth" name="test_duplicate_register" time="0.068" /><testcase classname="backend.tests.backend_test.TestAuth" name="test_me_no_token" time="0.066" /><testcase classname="backend.tests.backend_test.TestOrders" name="test_create_order" time="0.069" /><testcase classname="backend.tests.backend_test.TestOrders" name="test_get_order" time="0.068" /><testcase classname="backend.tests.backend_test.TestOrders" name="test_get_missing_order" time="0.064" /><testcase classname="backend.tests.backend_test.TestOrders" name="test_upload_and_attach" time="0.576" /><testcase classname="backend.tests.backend_test.TestOrders" name="test_submit_documents" time="0.133" /><testcase classname="backend.tests.backend_test.TestOrders" name="test_submit_without_files" time="0.138" /><testcase classname="backend.tests.backend_test.TestWriter" name="test_list_orders_bad_key" time="0.064" /><testcase classname="backend.tests.backend_test.TestWriter" name="test_list_orders" time="0.065" /><testcase classname="backend.tests.backend_test.TestWriter" name="test_update_status" time="0.133" /><testcase classname="backend.tests.backend_test.TestWriter" name="test_mark_seen_all" time="0.074" /><testcase classname="backend.tests.backend_test.TestDocuments" name="test_create" time="0.067" /><testcase classname="backend.tests.backend_test.TestDocuments" name="test_list" time="0.073" /><testcase classname="backend.tests.backend_test.TestDocuments" name="test_update_and_persistence" time="0.130" /><testcase classname="backend.tests.backend_test.TestDocuments" name="test_delete" time="0.159" /><testcase classname="backend.tests.backend_test.TestExport" name="test_export_requires_auth" time="0.146" /><testcase classname="backend.tests.backend_test.TestExport" name="test_export_pdf" time="0.128" /><testcase classname="backend.tests.backend_test.TestExport" name="test_export_docx" time="0.143" /><testcase classname="backend.tests.backend_test.TestExport" name="test_export_other_user_404" time="0.356" /><testcase classname="backend.tests.backend_test.TestNotifications" name="test_status_change_triggers_notification" time="0.865" /><testcase classname="backend.tests.backend_test.TestAI" name="test_ai_chat_stream" time="3.582" /></testsuite></testsuites>