<?xml version="1.0" encoding="utf-8"?><testsuites name="pytest tests"><testsuite name="pytest" errors="0" failures="0" skipped="0" tests="20" time="6.652" timestamp="2026-08-10T13:49:08.930231+00:00" hostname="agent-env-3e4cf12c-6528-4dea-8378-9ac11e761321"><testcase classname="backend.tests.backend_test.TestAuth" name="test_register_and_me" time="0.463" /><testcase classname="backend.tests.backend_test.TestAuth" name="test_login_invalid" time="0.048" /><testcase classname="backend.tests.backend_test.TestAuth" name="test_admin_login" time="0.273" /><testcase classname="backend.tests.backend_test.TestAuth" name="test_duplicate_register" time="0.044" /><testcase classname="backend.tests.backend_test.TestAuth" name="test_me_no_token" time="0.044" /><testcase classname="backend.tests.backend_test.TestOrders" name="test_create_order" time="0.051" /><testcase classname="backend.tests.backend_test.TestOrders" name="test_get_order" time="0.046" /><testcase classname="backend.tests.backend_test.TestOrders" name="test_get_missing_order" time="0.046" /><testcase classname="backend.tests.backend_test.TestOrders" name="test_upload_and_attach" time="0.709" /><testcase classname="backend.tests.backend_test.TestOrders" name="test_submit_documents" time="0.102" /><testcase classname="backend.tests.backend_test.TestOrders" name="test_submit_without_files" time="0.088" /><testcase classname="backend.tests.backend_test.TestWriter" name="test_list_orders_bad_key" time="0.046" /><testcase classname="backend.tests.backend_test.TestWriter" name="test_list_orders" time="0.044" /><testcase classname="backend.tests.backend_test.TestWriter" name="test_update_status" time="0.095" /><testcase classname="backend.tests.backend_test.TestWriter" name="test_mark_seen_all" time="0.051" /><testcase classname="backend.tests.backend_test.TestDocuments" name="test_create" time="0.053" /><testcase classname="backend.tests.backend_test.TestDocuments" name="test_list" time="0.046" /><testcase classname="backend.tests.backend_test.TestDocuments" name="test_update_and_persistence" time="0.094" /><testcase classname="backend.tests.backend_test.TestDocuments" name="test_delete" time="0.096" /><testcase classname="backend.tests.backend_test.TestAI" name="test_ai_chat_stream" time="4.121" /></testsuite></testsuites>